Using pre-set license
Built from '2021.3/evg/staging/82bb020e-b03b1330/draft-0' branch; Version is '2021.3.16f1 (4016570cf34f) revision 4200023'; Using compiler version '192829333'; Build Type 'Release'
OS: 'Windows 11  (10.0.22631) 64bit Professional' Language: 'pt' Physical Memory: 16233 MB
BatchMode: 1, IsHumanControllingUs: 0, StartBugReporterOnCrash: 0, Is64bit: 1, IsPro: 1

COMMAND LINE ARGUMENTS:
C:\Program Files\Unity\Hub\Editor\2021.3.16f1\Editor\Unity.exe
-adb2
-batchMode
-noUpm
-name
AssetImportWorker11
-projectPath
C:/Users/victo/Heist
-logFile
Logs/AssetImportWorker11.log
-srvPort
58387
Successfully changed project path to: C:/Users/victo/Heist
C:/Users/victo/Heist
[UnityMemory] Configuration Parameters - Can be set up in boot.config
    "memorysetup-bucket-allocator-granularity=16"
    "memorysetup-bucket-allocator-bucket-count=8"
    "memorysetup-bucket-allocator-block-size=33554432"
    "memorysetup-bucket-allocator-block-count=8"
    "memorysetup-main-allocator-block-size=16777216"
    "memorysetup-thread-allocator-block-size=16777216"
    "memorysetup-gfx-main-allocator-block-size=16777216"
    "memorysetup-gfx-thread-allocator-block-size=16777216"
    "memorysetup-cache-allocator-block-size=4194304"
    "memorysetup-typetree-allocator-block-size=2097152"
    "memorysetup-profiler-bucket-allocator-granularity=16"
    "memorysetup-profiler-bucket-allocator-bucket-count=8"
    "memorysetup-profiler-bucket-allocator-block-size=33554432"
    "memorysetup-profiler-bucket-allocator-block-count=8"
    "memorysetup-profiler-allocator-block-size=16777216"
    "memorysetup-profiler-editor-allocator-block-size=1048576"
    "memorysetup-temp-allocator-size-main=16777216"
    "memorysetup-job-temp-allocator-block-size=2097152"
    "memorysetup-job-temp-allocator-block-size-background=1048576"
    "memorysetup-job-temp-allocator-reduction-small-platforms=262144"
    "memorysetup-temp-allocator-size-background-worker=32768"
    "memorysetup-temp-allocator-size-job-worker=262144"
    "memorysetup-temp-allocator-size-preload-manager=33554432"
    "memorysetup-temp-allocator-size-nav-mesh-worker=65536"
    "memorysetup-temp-allocator-size-audio-worker=65536"
    "memorysetup-temp-allocator-size-cloud-worker=32768"
    "memorysetup-temp-allocator-size-gi-baking-worker=262144"
    "memorysetup-temp-allocator-size-gfx=262144"
Player connection [22060] Host "[IP] 10.0.0.8 [Port] 0 [Flags] 2 [Guid] 3829995052 [EditorId] 3829995052 [Version] 1048832 [Id] WindowsEditor(7,Victor-PC) [Debug] 1 [PackageName] WindowsEditor [ProjectName] Editor" joined multi-casting on [225.0.0.222:54997]...

Player connection [22060] Host "[IP] 10.0.0.8 [Port] 0 [Flags] 2 [Guid] 3829995052 [EditorId] 3829995052 [Version] 1048832 [Id] WindowsEditor(7,Victor-PC) [Debug] 1 [PackageName] WindowsEditor [ProjectName] Editor" joined alternative multi-casting on [225.0.0.222:34997]...

Refreshing native plugins compatible for Editor in 114.46 ms, found 3 plugins.
Preloading 0 native plugins for Editor in 0.00 ms.
Initialize engine version: 2021.3.16f1 (4016570cf34f)
[Subsystems] Discovering subsystems at path C:/Program Files/Unity/Hub/Editor/2021.3.16f1/Editor/Data/Resources/UnitySubsystems
[Subsystems] Discovering subsystems at path C:/Users/victo/Heist/Assets
GfxDevice: creating device client; threaded=0; jobified=0
Direct3D:
    Version:  Direct3D 11.0 [level 11.1]
    Renderer: NVIDIA GeForce RTX 3060 (ID=0x2504)
    Vendor:   NVIDIA
    VRAM:     12129 MB
    Driver:   31.0.15.4633
Initialize mono
Mono path[0] = 'C:/Program Files/Unity/Hub/Editor/2021.3.16f1/Editor/Data/Managed'
Mono path[1] = 'C:/Program Files/Unity/Hub/Editor/2021.3.16f1/Editor/Data/MonoBleedingEdge/lib/mono/unityjit-win32'
Mono config path = 'C:/Program Files/Unity/Hub/Editor/2021.3.16f1/Editor/Data/MonoBleedingEdge/etc'
Using monoOptions --debugger-agent=transport=dt_socket,embedding=1,server=y,suspend=n,address=127.0.0.1:56916
Begin MonoManager ReloadAssembly
Registering precompiled unity dll's ...
Register platform support module: C:/Program Files/Unity/Hub/Editor/2021.3.16f1/Editor/Data/PlaybackEngines/WebGLSupport/UnityEditor.WebGL.Extensions.dll
Register platform support module: C:/Program Files/Unity/Hub/Editor/2021.3.16f1/Editor/Data/PlaybackEngines/AndroidPlayer/UnityEditor.Android.Extensions.dll
Register platform support module: C:/Program Files/Unity/Hub/Editor/2021.3.16f1/Editor/Data/PlaybackEngines/WindowsStandaloneSupport/UnityEditor.WindowsStandalone.Extensions.dll
Registered in 0.006243 seconds.
Native extension for WindowsStandalone target not found
Native extension for Android target not found
Native extension for WebGL target not found
Refreshing native plugins compatible for Editor in 94.76 ms, found 3 plugins.
Preloading 0 native plugins for Editor in 0.00 ms.
Mono: successfully reloaded assembly
- Completed reload, in  0.610 seconds
Domain Reload Profiling:
	ReloadAssembly (610ms)
		BeginReloadAssembly (75ms)
			ExecutionOrderSort (0ms)
			DisableScriptedObjects (0ms)
			BackupInstance (0ms)
			ReleaseScriptingObjects (0ms)
			CreateAndSetChildDomain (1ms)
		EndReloadAssembly (421ms)
			LoadAssemblies (73ms)
			RebuildTransferFunctionScriptingTraits (0ms)
			SetupTypeCache (83ms)
			ReleaseScriptCaches (0ms)
			RebuildScriptCaches (20ms)
			SetupLoadedEditorAssemblies (275ms)
				LogAssemblyErrors (0ms)
				InitializePlatformSupportModulesInManaged (47ms)
				SetLoadedEditorAssemblies (1ms)
				RefreshPlugins (95ms)
				BeforeProcessingInitializeOnLoad (1ms)
				ProcessInitializeOnLoadAttributes (91ms)
				ProcessInitializeOnLoadMethodAttributes (39ms)
				AfterProcessingInitializeOnLoad (0ms)
				EditorAssembliesLoaded (0ms)
			ExecutionOrderSort2 (0ms)
			AwakeInstancesAfterBackupRestoration (0ms)
Platform modules already initialized, skipping
Registering precompiled user dll's ...
Registered in 0.008576 seconds.
Begin MonoManager ReloadAssembly
Symbol file LoadedFromMemory doesn't match image C:\Users\victo\Heist\Library\PackageCache\com.unity.visualscripting@1.7.8\Editor\VisualScripting.Core\Dependencies\YamlDotNet\Unity.VisualScripting.YamlDotNet.dll
Symbol file LoadedFromMemory doesn't match image C:\Users\victo\Heist\Library\PackageCache\com.unity.visualscripting@1.7.8\Editor\VisualScripting.Core\Dependencies\DotNetZip\Unity.VisualScripting.IonicZip.dll
OnLevelWasLoaded was found on PlayerBehaviour
This message has been deprecated and will be removed in a later version of Unity.
Add a delegate to SceneManager.sceneLoaded instead to get notifications after scene loading has completed
OnLevelWasLoaded was found on CharacterBehaviour
This message has been deprecated and will be removed in a later version of Unity.
Add a delegate to SceneManager.sceneLoaded instead to get notifications after scene loading has completed
OnLevelWasLoaded was found on GameManager
This message has been deprecated and will be removed in a later version of Unity.
Add a delegate to SceneManager.sceneLoaded instead to get notifications after scene loading has completed
OnLevelWasLoaded was found on EnemyBehaviour
This message has been deprecated and will be removed in a later version of Unity.
Add a delegate to SceneManager.sceneLoaded instead to get notifications after scene loading has completed
Native extension for WindowsStandalone target not found
Native extension for Android target not found
Native extension for WebGL target not found
Refreshing native plugins compatible for Editor in 1.05 ms, found 3 plugins.
Preloading 0 native plugins for Editor in 0.00 ms.
Mono: successfully reloaded assembly
- Completed reload, in  1.199 seconds
Domain Reload Profiling:
	ReloadAssembly (1199ms)
		BeginReloadAssembly (200ms)
			ExecutionOrderSort (0ms)
			DisableScriptedObjects (5ms)
			BackupInstance (0ms)
			ReleaseScriptingObjects (0ms)
			CreateAndSetChildDomain (122ms)
		EndReloadAssembly (907ms)
			LoadAssemblies (73ms)
			RebuildTransferFunctionScriptingTraits (0ms)
			SetupTypeCache (234ms)
			ReleaseScriptCaches (1ms)
			RebuildScriptCaches (46ms)
			SetupLoadedEditorAssemblies (515ms)
				LogAssemblyErrors (0ms)
				InitializePlatformSupportModulesInManaged (15ms)
				SetLoadedEditorAssemblies (0ms)
				RefreshPlugins (1ms)
				BeforeProcessingInitializeOnLoad (80ms)
				ProcessInitializeOnLoadAttributes (387ms)
				ProcessInitializeOnLoadMethodAttributes (20ms)
				AfterProcessingInitializeOnLoad (11ms)
				EditorAssembliesLoaded (0ms)
			ExecutionOrderSort2 (0ms)
			AwakeInstancesAfterBackupRestoration (5ms)
Platform modules already initialized, skipping
========================================================================
Worker process is ready to serve import requests
Launched and connected shader compiler UnityShaderCompiler.exe after 0.04 seconds
Refreshing native plugins compatible for Editor in 1.02 ms, found 3 plugins.
Preloading 0 native plugins for Editor in 0.00 ms.
Unloading 3679 Unused Serialized files (Serialized files now loaded: 0)
Unloading 31 unused Assets / (92.2 KB). Loaded Objects now: 4174.
Memory consumption went from 232.7 MB to 232.6 MB.
Total: 3.043200 ms (FindLiveObjects: 0.220400 ms CreateObjectMapping: 0.101000 ms MarkObjects: 2.605600 ms  DeleteObjects: 0.115200 ms)

AssetImportParameters requested are different than current active one (requested -> active):
  custom:video-decoder-ogg-theora: a1e56fd34408186e4bbccfd4996cb3dc -> 
  custom:container-muxer-webm: aa71ff27fc2769a1b78a27578f13a17b -> 
  custom:container-demuxer-webm: 4f35f7cbe854078d1ac9338744f61a02 -> 
  custom:video-encoder-webm-vp8: eb34c28f22e8b96e1ab97ce403110664 -> 
  custom:audio-encoder-webm-vorbis: bf7c407c2cedff20999df2af8eb42d56 -> 
  custom:framework-win-MediaFoundation: 216162199b28c13a410421893ffa2e32 -> 
  custom:container-demuxer-ogg: 62fdf1f143b41e24485cea50d1cbac27 -> 
  custom:video-decoder-webm-vp8: 9c59270c3fd7afecdb556c50c9e8de78 -> 
  custom:audio-decoder-ogg-vorbis: bf7c407c2cedff20999df2af8eb42d56 -> 
========================================================================
Received Prepare
Registering precompiled user dll's ...
Registered in 0.006564 seconds.
Begin MonoManager ReloadAssembly
Symbol file LoadedFromMemory doesn't match image C:\Users\victo\Heist\Library\PackageCache\com.unity.visualscripting@1.7.8\Editor\VisualScripting.Core\Dependencies\YamlDotNet\Unity.VisualScripting.YamlDotNet.dll
Symbol file LoadedFromMemory doesn't match image C:\Users\victo\Heist\Library\PackageCache\com.unity.visualscripting@1.7.8\Editor\VisualScripting.Core\Dependencies\DotNetZip\Unity.VisualScripting.IonicZip.dll
Native extension for WindowsStandalone target not found
Native extension for Android target not found
Native extension for WebGL target not found
Refreshing native plugins compatible for Editor in 1.09 ms, found 3 plugins.
Preloading 0 native plugins for Editor in 0.00 ms.
Mono: successfully reloaded assembly
- Completed reload, in  1.120 seconds
Domain Reload Profiling:
	ReloadAssembly (1121ms)
		BeginReloadAssembly (123ms)
			ExecutionOrderSort (0ms)
			DisableScriptedObjects (4ms)
			BackupInstance (0ms)
			ReleaseScriptingObjects (0ms)
			CreateAndSetChildDomain (35ms)
		EndReloadAssembly (919ms)
			LoadAssemblies (78ms)
			RebuildTransferFunctionScriptingTraits (0ms)
			SetupTypeCache (228ms)
			ReleaseScriptCaches (1ms)
			RebuildScriptCaches (39ms)
			SetupLoadedEditorAssemblies (520ms)
				LogAssemblyErrors (0ms)
				InitializePlatformSupportModulesInManaged (24ms)
				SetLoadedEditorAssemblies (1ms)
				RefreshPlugins (1ms)
				BeforeProcessingInitializeOnLoad (69ms)
				ProcessInitializeOnLoadAttributes (391ms)
				ProcessInitializeOnLoadMethodAttributes (24ms)
				AfterProcessingInitializeOnLoad (9ms)
				EditorAssembliesLoaded (0ms)
			ExecutionOrderSort2 (0ms)
			AwakeInstancesAfterBackupRestoration (8ms)
Platform modules already initialized, skipping
OnLevelWasLoaded was found on GameManager
This message has been deprecated and will be removed in a later version of Unity.
Add a delegate to SceneManager.sceneLoaded instead to get notifications after scene loading has completed
OnLevelWasLoaded was found on CharacterBehaviour
This message has been deprecated and will be removed in a later version of Unity.
Add a delegate to SceneManager.sceneLoaded instead to get notifications after scene loading has completed
OnLevelWasLoaded was found on EnemyBehaviour
This message has been deprecated and will be removed in a later version of Unity.
Add a delegate to SceneManager.sceneLoaded instead to get notifications after scene loading has completed
OnLevelWasLoaded was found on PlayerBehaviour
This message has been deprecated and will be removed in a later version of Unity.
Add a delegate to SceneManager.sceneLoaded instead to get notifications after scene loading has completed
Refreshing native plugins compatible for Editor in 3.24 ms, found 3 plugins.
Preloading 0 native plugins for Editor in 0.00 ms.
Unloading 3639 Unused Serialized files (Serialized files now loaded: 0)
Unloading 25 unused Assets / (86.9 KB). Loaded Objects now: 4177.
Memory consumption went from 229.0 MB to 228.9 MB.
Total: 6.122000 ms (FindLiveObjects: 0.511500 ms CreateObjectMapping: 0.198500 ms MarkObjects: 5.230200 ms  DeleteObjects: 0.179900 ms)

AssetImportParameters requested are different than current active one (requested -> active):
  custom:video-decoder-ogg-theora: a1e56fd34408186e4bbccfd4996cb3dc -> 
  custom:container-muxer-webm: aa71ff27fc2769a1b78a27578f13a17b -> 
  custom:container-demuxer-webm: 4f35f7cbe854078d1ac9338744f61a02 -> 
  custom:video-encoder-webm-vp8: eb34c28f22e8b96e1ab97ce403110664 -> 
  custom:audio-encoder-webm-vorbis: bf7c407c2cedff20999df2af8eb42d56 -> 
  custom:framework-win-MediaFoundation: 216162199b28c13a410421893ffa2e32 -> 
  custom:container-demuxer-ogg: 62fdf1f143b41e24485cea50d1cbac27 -> 
  custom:video-decoder-webm-vp8: 9c59270c3fd7afecdb556c50c9e8de78 -> 
  custom:audio-decoder-ogg-vorbis: bf7c407c2cedff20999df2af8eb42d56 -> 
========================================================================
Received Prepare
Registering precompiled user dll's ...
Registered in 0.008996 seconds.
Begin MonoManager ReloadAssembly
Symbol file LoadedFromMemory doesn't match image C:\Users\victo\Heist\Library\PackageCache\com.unity.visualscripting@1.7.8\Editor\VisualScripting.Core\Dependencies\YamlDotNet\Unity.VisualScripting.YamlDotNet.dll
Symbol file LoadedFromMemory doesn't match image C:\Users\victo\Heist\Library\PackageCache\com.unity.visualscripting@1.7.8\Editor\VisualScripting.Core\Dependencies\DotNetZip\Unity.VisualScripting.IonicZip.dll
Native extension for WindowsStandalone target not found
Native extension for Android target not found
Native extension for WebGL target not found
Refreshing native plugins compatible for Editor in 0.79 ms, found 3 plugins.
Preloading 0 native plugins for Editor in 0.00 ms.
Mono: successfully reloaded assembly
- Completed reload, in  1.017 seconds
Domain Reload Profiling:
	ReloadAssembly (1017ms)
		BeginReloadAssembly (151ms)
			ExecutionOrderSort (0ms)
			DisableScriptedObjects (4ms)
			BackupInstance (0ms)
			ReleaseScriptingObjects (0ms)
			CreateAndSetChildDomain (40ms)
		EndReloadAssembly (764ms)
			LoadAssemblies (97ms)
			RebuildTransferFunctionScriptingTraits (0ms)
			SetupTypeCache (234ms)
			ReleaseScriptCaches (1ms)
			RebuildScriptCaches (33ms)
			SetupLoadedEditorAssemblies (386ms)
				LogAssemblyErrors (0ms)
				InitializePlatformSupportModulesInManaged (18ms)
				SetLoadedEditorAssemblies (0ms)
				RefreshPlugins (1ms)
				BeforeProcessingInitializeOnLoad (54ms)
				ProcessInitializeOnLoadAttributes (280ms)
				ProcessInitializeOnLoadMethodAttributes (23ms)
				AfterProcessingInitializeOnLoad (9ms)
				EditorAssembliesLoaded (0ms)
			ExecutionOrderSort2 (0ms)
			AwakeInstancesAfterBackupRestoration (5ms)
Platform modules already initialized, skipping
OnLevelWasLoaded was found on GameManager
This message has been deprecated and will be removed in a later version of Unity.
Add a delegate to SceneManager.sceneLoaded instead to get notifications after scene loading has completed
OnLevelWasLoaded was found on CharacterBehaviour
This message has been deprecated and will be removed in a later version of Unity.
Add a delegate to SceneManager.sceneLoaded instead to get notifications after scene loading has completed
OnLevelWasLoaded was found on EnemyBehaviour
This message has been deprecated and will be removed in a later version of Unity.
Add a delegate to SceneManager.sceneLoaded instead to get notifications after scene loading has completed
OnLevelWasLoaded was found on PlayerBehaviour
This message has been deprecated and will be removed in a later version of Unity.
Add a delegate to SceneManager.sceneLoaded instead to get notifications after scene loading has completed
Refreshing native plugins compatible for Editor in 2.54 ms, found 3 plugins.
Preloading 0 native plugins for Editor in 0.00 ms.
Unloading 3639 Unused Serialized files (Serialized files now loaded: 0)
Unloading 25 unused Assets / (87.0 KB). Loaded Objects now: 4180.
Memory consumption went from 229.0 MB to 229.0 MB.
Total: 2.975400 ms (FindLiveObjects: 0.235200 ms CreateObjectMapping: 0.090000 ms MarkObjects: 2.533600 ms  DeleteObjects: 0.115500 ms)

AssetImportParameters requested are different than current active one (requested -> active):
  custom:video-decoder-ogg-theora: a1e56fd34408186e4bbccfd4996cb3dc -> 
  custom:container-muxer-webm: aa71ff27fc2769a1b78a27578f13a17b -> 
  custom:container-demuxer-webm: 4f35f7cbe854078d1ac9338744f61a02 -> 
  custom:video-encoder-webm-vp8: eb34c28f22e8b96e1ab97ce403110664 -> 
  custom:audio-encoder-webm-vorbis: bf7c407c2cedff20999df2af8eb42d56 -> 
  custom:framework-win-MediaFoundation: 216162199b28c13a410421893ffa2e32 -> 
  custom:container-demuxer-ogg: 62fdf1f143b41e24485cea50d1cbac27 -> 
  custom:video-decoder-webm-vp8: 9c59270c3fd7afecdb556c50c9e8de78 -> 
  custom:audio-decoder-ogg-vorbis: bf7c407c2cedff20999df2af8eb42d56 -> 
========================================================================
Received Prepare
Registering precompiled user dll's ...
Registered in 0.008574 seconds.
Begin MonoManager ReloadAssembly
Symbol file LoadedFromMemory doesn't match image C:\Users\victo\Heist\Library\PackageCache\com.unity.visualscripting@1.7.8\Editor\VisualScripting.Core\Dependencies\YamlDotNet\Unity.VisualScripting.YamlDotNet.dll
Symbol file LoadedFromMemory doesn't match image C:\Users\victo\Heist\Library\PackageCache\com.unity.visualscripting@1.7.8\Editor\VisualScripting.Core\Dependencies\DotNetZip\Unity.VisualScripting.IonicZip.dll
Native extension for WindowsStandalone target not found
Native extension for Android target not found
Native extension for WebGL target not found
Refreshing native plugins compatible for Editor in 1.74 ms, found 3 plugins.
Preloading 0 native plugins for Editor in 0.00 ms.
Mono: successfully reloaded assembly
- Completed reload, in  1.077 seconds
Domain Reload Profiling:
	ReloadAssembly (1077ms)
		BeginReloadAssembly (144ms)
			ExecutionOrderSort (0ms)
			DisableScriptedObjects (7ms)
			BackupInstance (0ms)
			ReleaseScriptingObjects (0ms)
			CreateAndSetChildDomain (47ms)
		EndReloadAssembly (842ms)
			LoadAssemblies (85ms)
			RebuildTransferFunctionScriptingTraits (0ms)
			SetupTypeCache (244ms)
			ReleaseScriptCaches (1ms)
			RebuildScriptCaches (38ms)
			SetupLoadedEditorAssemblies (432ms)
				LogAssemblyErrors (0ms)
				InitializePlatformSupportModulesInManaged (25ms)
				SetLoadedEditorAssemblies (1ms)
				RefreshPlugins (2ms)
				BeforeProcessingInitializeOnLoad (62ms)
				ProcessInitializeOnLoadAttributes (310ms)
				ProcessInitializeOnLoadMethodAttributes (25ms)
				AfterProcessingInitializeOnLoad (7ms)
				EditorAssembliesLoaded (0ms)
			ExecutionOrderSort2 (0ms)
			AwakeInstancesAfterBackupRestoration (5ms)
Platform modules already initialized, skipping
OnLevelWasLoaded was found on GameManager
This message has been deprecated and will be removed in a later version of Unity.
Add a delegate to SceneManager.sceneLoaded instead to get notifications after scene loading has completed
OnLevelWasLoaded was found on CharacterBehaviour
This message has been deprecated and will be removed in a later version of Unity.
Add a delegate to SceneManager.sceneLoaded instead to get notifications after scene loading has completed
OnLevelWasLoaded was found on EnemyBehaviour
This message has been deprecated and will be removed in a later version of Unity.
Add a delegate to SceneManager.sceneLoaded instead to get notifications after scene loading has completed
OnLevelWasLoaded was found on PlayerBehaviour
This message has been deprecated and will be removed in a later version of Unity.
Add a delegate to SceneManager.sceneLoaded instead to get notifications after scene loading has completed
Refreshing native plugins compatible for Editor in 2.19 ms, found 3 plugins.
Preloading 0 native plugins for Editor in 0.00 ms.
Unloading 3639 Unused Serialized files (Serialized files now loaded: 0)
Unloading 25 unused Assets / (86.9 KB). Loaded Objects now: 4183.
Memory consumption went from 229.1 MB to 229.0 MB.
Total: 2.728200 ms (FindLiveObjects: 0.229800 ms CreateObjectMapping: 0.092600 ms MarkObjects: 2.298400 ms  DeleteObjects: 0.106200 ms)

AssetImportParameters requested are different than current active one (requested -> active):
  custom:video-decoder-ogg-theora: a1e56fd34408186e4bbccfd4996cb3dc -> 
  custom:container-muxer-webm: aa71ff27fc2769a1b78a27578f13a17b -> 
  custom:container-demuxer-webm: 4f35f7cbe854078d1ac9338744f61a02 -> 
  custom:video-encoder-webm-vp8: eb34c28f22e8b96e1ab97ce403110664 -> 
  custom:audio-encoder-webm-vorbis: bf7c407c2cedff20999df2af8eb42d56 -> 
  custom:framework-win-MediaFoundation: 216162199b28c13a410421893ffa2e32 -> 
  custom:container-demuxer-ogg: 62fdf1f143b41e24485cea50d1cbac27 -> 
  custom:video-decoder-webm-vp8: 9c59270c3fd7afecdb556c50c9e8de78 -> 
  custom:audio-decoder-ogg-vorbis: bf7c407c2cedff20999df2af8eb42d56 -> 
========================================================================
Received Prepare
Registering precompiled user dll's ...
Registered in 0.006626 seconds.
Begin MonoManager ReloadAssembly
Symbol file LoadedFromMemory doesn't match image C:\Users\victo\Heist\Library\PackageCache\com.unity.visualscripting@1.7.8\Editor\VisualScripting.Core\Dependencies\YamlDotNet\Unity.VisualScripting.YamlDotNet.dll
Symbol file LoadedFromMemory doesn't match image C:\Users\victo\Heist\Library\PackageCache\com.unity.visualscripting@1.7.8\Editor\VisualScripting.Core\Dependencies\DotNetZip\Unity.VisualScripting.IonicZip.dll
Native extension for WindowsStandalone target not found
Native extension for Android target not found
Native extension for WebGL target not found
Refreshing native plugins compatible for Editor in 1.05 ms, found 3 plugins.
Preloading 0 native plugins for Editor in 0.00 ms.
Mono: successfully reloaded assembly
- Completed reload, in  1.083 seconds
Domain Reload Profiling:
	ReloadAssembly (1083ms)
		BeginReloadAssembly (110ms)
			ExecutionOrderSort (0ms)
			DisableScriptedObjects (4ms)
			BackupInstance (0ms)
			ReleaseScriptingObjects (0ms)
			CreateAndSetChildDomain (30ms)
		EndReloadAssembly (894ms)
			LoadAssemblies (69ms)
			RebuildTransferFunctionScriptingTraits (0ms)
			SetupTypeCache (212ms)
			ReleaseScriptCaches (1ms)
			RebuildScriptCaches (36ms)
			SetupLoadedEditorAssemblies (530ms)
				LogAssemblyErrors (0ms)
				InitializePlatformSupportModulesInManaged (23ms)
				SetLoadedEditorAssemblies (0ms)
				RefreshPlugins (1ms)
				BeforeProcessingInitializeOnLoad (67ms)
				ProcessInitializeOnLoadAttributes (401ms)
				ProcessInitializeOnLoadMethodAttributes (27ms)
				AfterProcessingInitializeOnLoad (10ms)
				EditorAssembliesLoaded (0ms)
			ExecutionOrderSort2 (0ms)
			AwakeInstancesAfterBackupRestoration (7ms)
Platform modules already initialized, skipping
OnLevelWasLoaded was found on GameManager
This message has been deprecated and will be removed in a later version of Unity.
Add a delegate to SceneManager.sceneLoaded instead to get notifications after scene loading has completed
OnLevelWasLoaded was found on CharacterBehaviour
This message has been deprecated and will be removed in a later version of Unity.
Add a delegate to SceneManager.sceneLoaded instead to get notifications after scene loading has completed
OnLevelWasLoaded was found on EnemyBehaviour
This message has been deprecated and will be removed in a later version of Unity.
Add a delegate to SceneManager.sceneLoaded instead to get notifications after scene loading has completed
OnLevelWasLoaded was found on PlayerBehaviour
This message has been deprecated and will be removed in a later version of Unity.
Add a delegate to SceneManager.sceneLoaded instead to get notifications after scene loading has completed
Refreshing native plugins compatible for Editor in 4.54 ms, found 3 plugins.
Preloading 0 native plugins for Editor in 0.00 ms.
Unloading 3639 Unused Serialized files (Serialized files now loaded: 0)
Unloading 25 unused Assets / (87.0 KB). Loaded Objects now: 4186.
Memory consumption went from 229.1 MB to 229.0 MB.
Total: 5.937200 ms (FindLiveObjects: 0.538500 ms CreateObjectMapping: 0.203800 ms MarkObjects: 4.784800 ms  DeleteObjects: 0.407100 ms)

AssetImportParameters requested are different than current active one (requested -> active):
  custom:video-decoder-ogg-theora: a1e56fd34408186e4bbccfd4996cb3dc -> 
  custom:container-muxer-webm: aa71ff27fc2769a1b78a27578f13a17b -> 
  custom:container-demuxer-webm: 4f35f7cbe854078d1ac9338744f61a02 -> 
  custom:video-encoder-webm-vp8: eb34c28f22e8b96e1ab97ce403110664 -> 
  custom:audio-encoder-webm-vorbis: bf7c407c2cedff20999df2af8eb42d56 -> 
  custom:framework-win-MediaFoundation: 216162199b28c13a410421893ffa2e32 -> 
  custom:container-demuxer-ogg: 62fdf1f143b41e24485cea50d1cbac27 -> 
  custom:video-decoder-webm-vp8: 9c59270c3fd7afecdb556c50c9e8de78 -> 
  custom:audio-decoder-ogg-vorbis: bf7c407c2cedff20999df2af8eb42d56 -> 
========================================================================
Received Import Request.
  Time since last request: 10487.487944 seconds.
  path: Assets/Prefabs/Singleton.prefab
  artifactKey: Guid(cdfa0d66f063489478a378ec063aa500) Importer(815301076,1909f56bfc062723c751e8b465ee728b)
Start importing Assets/Prefabs/Singleton.prefab using Guid(cdfa0d66f063489478a378ec063aa500) Importer(815301076,1909f56bfc062723c751e8b465ee728b)  -> (artifact id: 'd897a3bf86ff206c4bc4994f092d9c92') in 3.234649 seconds 
========================================================================
Received Import Request.
  Time since last request: 2.360987 seconds.
  path: Assets/Prefabs/Characters/Adventures_woman_03.prefab
  artifactKey: Guid(986be7915b051c048ac9e6dcc8ebde80) Importer(815301076,1909f56bfc062723c751e8b465ee728b)
Start importing Assets/Prefabs/Characters/Adventures_woman_03.prefab using Guid(986be7915b051c048ac9e6dcc8ebde80) Importer(815301076,1909f56bfc062723c751e8b465ee728b)  -> (artifact id: '220b320de2985211413856e04d6192a1') in 0.906375 seconds 
========================================================================
Received Import Request.
  Time since last request: 0.000028 seconds.
  path: Assets/Prefabs/Characters/Police.prefab
  artifactKey: Guid(8b216dbdf61125d438288d5616cf1218) Importer(815301076,1909f56bfc062723c751e8b465ee728b)
Start importing Assets/Prefabs/Characters/Police.prefab using Guid(8b216dbdf61125d438288d5616cf1218) Importer(815301076,1909f56bfc062723c751e8b465ee728b)  -> (artifact id: 'e1d0be0f5b4894d6f4ee9a30a575c45b') in 0.364898 seconds 
========================================================================
Received Import Request.
  Time since last request: 0.000048 seconds.
  path: Assets/Prefabs/Characters/SkelMesh_Bodyguard_02.prefab
  artifactKey: Guid(3a7f74ecaea80564288c64768fe485a3) Importer(815301076,1909f56bfc062723c751e8b465ee728b)
Start importing Assets/Prefabs/Characters/SkelMesh_Bodyguard_02.prefab using Guid(3a7f74ecaea80564288c64768fe485a3) Importer(815301076,1909f56bfc062723c751e8b465ee728b)  -> (artifact id: '7912492116d97278fd83d56bff7d0339') in 0.399178 seconds 
========================================================================
Received Import Request.
  Time since last request: 0.000023 seconds.
  path: Assets/Prefabs/Characters/Man_Full.prefab
  artifactKey: Guid(857cf540859ce2646b3cbe21bb5cff92) Importer(815301076,1909f56bfc062723c751e8b465ee728b)
Start importing Assets/Prefabs/Characters/Man_Full.prefab using Guid(857cf540859ce2646b3cbe21bb5cff92) Importer(815301076,1909f56bfc062723c751e8b465ee728b)  -> (artifact id: '13b03881a9bdce735fb3b66b5319ed43') in 0.620170 seconds 
========================================================================
Received Import Request.
  Time since last request: 6.821942 seconds.
  path: Assets/Meshes/Dice/Resources/Prefabs/d4.prefab
  artifactKey: Guid(53259a96ea8727548934008114812315) Importer(815301076,1909f56bfc062723c751e8b465ee728b)
Start importing Assets/Meshes/Dice/Resources/Prefabs/d4.prefab using Guid(53259a96ea8727548934008114812315) Importer(815301076,1909f56bfc062723c751e8b465ee728b)  -> (artifact id: 'c44c25c80c929896451ae3b9edf70f2a') in 0.041159 seconds 
========================================================================
Received Import Request.
  Time since last request: 0.000029 seconds.
  path: Assets/Meshes/Dice/Resources/Prefabs/d20.prefab
  artifactKey: Guid(83ec351ddaccdea4cb2b1b7b56421cd0) Importer(815301076,1909f56bfc062723c751e8b465ee728b)
Start importing Assets/Meshes/Dice/Resources/Prefabs/d20.prefab using Guid(83ec351ddaccdea4cb2b1b7b56421cd0) Importer(815301076,1909f56bfc062723c751e8b465ee728b)  -> (artifact id: '79eb8ca145aea17c552c7a792c477b43') in 0.023203 seconds 
========================================================================
Received Import Request.
  Time since last request: 0.000025 seconds.
  path: Assets/Meshes/Dice/Resources/Prefabs/d8.prefab
  artifactKey: Guid(aa5a1b00ae094b4418b4f1cb4cc2a1ea) Importer(815301076,1909f56bfc062723c751e8b465ee728b)
Start importing Assets/Meshes/Dice/Resources/Prefabs/d8.prefab using Guid(aa5a1b00ae094b4418b4f1cb4cc2a1ea) Importer(815301076,1909f56bfc062723c751e8b465ee728b)  -> (artifact id: '90a091f82458ad156f67e28e3ae45783') in 0.047052 seconds 
========================================================================
Received Import Request.
  Time since last request: 24.887898 seconds.
  path: Assets/Meshes/Dice/Resources/Prefabs/d20.prefab
  artifactKey: Guid(83ec351ddaccdea4cb2b1b7b56421cd0) Importer(815301076,1909f56bfc062723c751e8b465ee728b)
Start importing Assets/Meshes/Dice/Resources/Prefabs/d20.prefab using Guid(83ec351ddaccdea4cb2b1b7b56421cd0) Importer(815301076,1909f56bfc062723c751e8b465ee728b)  -> (artifact id: 'dddc7cb6d5f15384cdb9fbf1a8b78435') in 0.027863 seconds 
========================================================================
Received Import Request.
  Time since last request: 9.373992 seconds.
  path: Assets/Meshes/Dice/Resources/Prefabs/d20.prefab
  artifactKey: Guid(83ec351ddaccdea4cb2b1b7b56421cd0) Importer(815301076,1909f56bfc062723c751e8b465ee728b)
Start importing Assets/Meshes/Dice/Resources/Prefabs/d20.prefab using Guid(83ec351ddaccdea4cb2b1b7b56421cd0) Importer(815301076,1909f56bfc062723c751e8b465ee728b)  -> (artifact id: '2551cb735918c2a4d73cf065f3dc9d0e') in 0.016859 seconds 
========================================================================
Received Import Request.
  Time since last request: 11.583972 seconds.
  path: Assets/Meshes/Dice/Resources/Prefabs/d20.prefab
  artifactKey: Guid(83ec351ddaccdea4cb2b1b7b56421cd0) Importer(815301076,1909f56bfc062723c751e8b465ee728b)
Start importing Assets/Meshes/Dice/Resources/Prefabs/d20.prefab using Guid(83ec351ddaccdea4cb2b1b7b56421cd0) Importer(815301076,1909f56bfc062723c751e8b465ee728b)  -> (artifact id: 'a1f19303524f878581425270267ffc2f') in 0.018895 seconds 
========================================================================
Received Import Request.
  Time since last request: 2.253312 seconds.
  path: Assets/Meshes/Dice/Resources/Prefabs/d20.prefab
  artifactKey: Guid(83ec351ddaccdea4cb2b1b7b56421cd0) Importer(815301076,1909f56bfc062723c751e8b465ee728b)
Start importing Assets/Meshes/Dice/Resources/Prefabs/d20.prefab using Guid(83ec351ddaccdea4cb2b1b7b56421cd0) Importer(815301076,1909f56bfc062723c751e8b465ee728b)  -> (artifact id: '67ef5162f5698cceaf117c8a12b07712') in 0.013323 seconds 
========================================================================
Received Import Request.
  Time since last request: 7.303772 seconds.
  path: Assets/Meshes/Dice/Resources/Prefabs/d12.prefab
  artifactKey: Guid(631889f6d001be141b2e04f5f4090ae0) Importer(815301076,1909f56bfc062723c751e8b465ee728b)
Start importing Assets/Meshes/Dice/Resources/Prefabs/d12.prefab using Guid(631889f6d001be141b2e04f5f4090ae0) Importer(815301076,1909f56bfc062723c751e8b465ee728b)  -> (artifact id: 'f1d399947e06b3114bbf1adc94536a2c') in 0.020945 seconds 
========================================================================
Received Import Request.
  Time since last request: 2.325126 seconds.
  path: Assets/Meshes/Dice/Resources/Prefabs/d12.prefab
  artifactKey: Guid(631889f6d001be141b2e04f5f4090ae0) Importer(815301076,1909f56bfc062723c751e8b465ee728b)
Start importing Assets/Meshes/Dice/Resources/Prefabs/d12.prefab using Guid(631889f6d001be141b2e04f5f4090ae0) Importer(815301076,1909f56bfc062723c751e8b465ee728b)  -> (artifact id: 'd7fb0b6e44c8e9322f0997a5598689ba') in 0.013635 seconds 
========================================================================
Received Import Request.
  Time since last request: 1.225933 seconds.
  path: Assets/Meshes/Dice/Resources/Prefabs/d12.prefab
  artifactKey: Guid(631889f6d001be141b2e04f5f4090ae0) Importer(815301076,1909f56bfc062723c751e8b465ee728b)
Start importing Assets/Meshes/Dice/Resources/Prefabs/d12.prefab using Guid(631889f6d001be141b2e04f5f4090ae0) Importer(815301076,1909f56bfc062723c751e8b465ee728b)  -> (artifact id: '1bd64361bbe8458d005cfcd66f76316c') in 0.013937 seconds 
========================================================================
Received Import Request.
  Time since last request: 3.258645 seconds.
  path: Assets/Meshes/Dice/Resources/Prefabs/d10.prefab
  artifactKey: Guid(a7d97a6373e22f94c8e2d68ea3b8195e) Importer(815301076,1909f56bfc062723c751e8b465ee728b)
Start importing Assets/Meshes/Dice/Resources/Prefabs/d10.prefab using Guid(a7d97a6373e22f94c8e2d68ea3b8195e) Importer(815301076,1909f56bfc062723c751e8b465ee728b)  -> (artifact id: '57e56682c93787b5c0fc12226dcc6f3f') in 0.008943 seconds 
========================================================================
Received Import Request.
  Time since last request: 1.738533 seconds.
  path: Assets/Meshes/Dice/Resources/Prefabs/d10.prefab
  artifactKey: Guid(a7d97a6373e22f94c8e2d68ea3b8195e) Importer(815301076,1909f56bfc062723c751e8b465ee728b)
Start importing Assets/Meshes/Dice/Resources/Prefabs/d10.prefab using Guid(a7d97a6373e22f94c8e2d68ea3b8195e) Importer(815301076,1909f56bfc062723c751e8b465ee728b)  -> (artifact id: '9be4b9b0e6e78c7681fa4278c69e9068') in 0.007944 seconds 
========================================================================
Received Import Request.
  Time since last request: 1.746391 seconds.
  path: Assets/Meshes/Dice/Resources/Prefabs/d10.prefab
  artifactKey: Guid(a7d97a6373e22f94c8e2d68ea3b8195e) Importer(815301076,1909f56bfc062723c751e8b465ee728b)
Start importing Assets/Meshes/Dice/Resources/Prefabs/d10.prefab using Guid(a7d97a6373e22f94c8e2d68ea3b8195e) Importer(815301076,1909f56bfc062723c751e8b465ee728b)  -> (artifact id: '56d65632a7abfb402b64218a6efba594') in 0.011147 seconds 
========================================================================
Received Import Request.
  Time since last request: 3.081286 seconds.
  path: Assets/Meshes/Dice/Resources/Prefabs/d10-low.prefab
  artifactKey: Guid(0415b34c63e4b94419eb6d08ec02debc) Importer(815301076,1909f56bfc062723c751e8b465ee728b)
Start importing Assets/Meshes/Dice/Resources/Prefabs/d10-low.prefab using Guid(0415b34c63e4b94419eb6d08ec02debc) Importer(815301076,1909f56bfc062723c751e8b465ee728b)  -> (artifact id: '8ac54d2b5eea911bab5ede6baacbcbbd') in 0.014870 seconds 
========================================================================
Received Import Request.
  Time since last request: 3.255945 seconds.
  path: Assets/Meshes/Dice/Resources/Prefabs/d10-low.prefab
  artifactKey: Guid(0415b34c63e4b94419eb6d08ec02debc) Importer(815301076,1909f56bfc062723c751e8b465ee728b)
Start importing Assets/Meshes/Dice/Resources/Prefabs/d10-low.prefab using Guid(0415b34c63e4b94419eb6d08ec02debc) Importer(815301076,1909f56bfc062723c751e8b465ee728b)  -> (artifact id: 'c67fc9e7cf7b4ee0600e1b43802f22ab') in 0.008074 seconds 
========================================================================
Received Import Request.
  Time since last request: 1.662285 seconds.
  path: Assets/Meshes/Dice/Resources/Prefabs/d10-low.prefab
  artifactKey: Guid(0415b34c63e4b94419eb6d08ec02debc) Importer(815301076,1909f56bfc062723c751e8b465ee728b)
Start importing Assets/Meshes/Dice/Resources/Prefabs/d10-low.prefab using Guid(0415b34c63e4b94419eb6d08ec02debc) Importer(815301076,1909f56bfc062723c751e8b465ee728b)  -> (artifact id: 'f789c8f039371262d8d7da4871251b1a') in 0.008759 seconds 
========================================================================
Received Import Request.
  Time since last request: 3.724060 seconds.
  path: Assets/Meshes/Dice/Resources/Prefabs/d8.prefab
  artifactKey: Guid(aa5a1b00ae094b4418b4f1cb4cc2a1ea) Importer(815301076,1909f56bfc062723c751e8b465ee728b)
Start importing Assets/Meshes/Dice/Resources/Prefabs/d8.prefab using Guid(aa5a1b00ae094b4418b4f1cb4cc2a1ea) Importer(815301076,1909f56bfc062723c751e8b465ee728b)  -> (artifact id: 'ced591dcea834ab6336b70c6f05bef64') in 0.016990 seconds 
========================================================================
Received Import Request.
  Time since last request: 1.642773 seconds.
  path: Assets/Meshes/Dice/Resources/Prefabs/d8.prefab
  artifactKey: Guid(aa5a1b00ae094b4418b4f1cb4cc2a1ea) Importer(815301076,1909f56bfc062723c751e8b465ee728b)
Start importing Assets/Meshes/Dice/Resources/Prefabs/d8.prefab using Guid(aa5a1b00ae094b4418b4f1cb4cc2a1ea) Importer(815301076,1909f56bfc062723c751e8b465ee728b)  -> (artifact id: '57a0ea2afca004b4d8022d92f8657002') in 0.017827 seconds 
========================================================================
Received Import Request.
  Time since last request: 1.902313 seconds.
  path: Assets/Meshes/Dice/Resources/Prefabs/d8.prefab
  artifactKey: Guid(aa5a1b00ae094b4418b4f1cb4cc2a1ea) Importer(815301076,1909f56bfc062723c751e8b465ee728b)
Start importing Assets/Meshes/Dice/Resources/Prefabs/d8.prefab using Guid(aa5a1b00ae094b4418b4f1cb4cc2a1ea) Importer(815301076,1909f56bfc062723c751e8b465ee728b)  -> (artifact id: 'e7585bf719d82c35e7e6a574f5d528ae') in 0.021959 seconds 
========================================================================
Received Import Request.
  Time since last request: 4.573990 seconds.
  path: Assets/Meshes/Dice/Resources/Prefabs/d6.prefab
  artifactKey: Guid(3bbbc25881226434b86bd98e9424cd6c) Importer(815301076,1909f56bfc062723c751e8b465ee728b)
Start importing Assets/Meshes/Dice/Resources/Prefabs/d6.prefab using Guid(3bbbc25881226434b86bd98e9424cd6c) Importer(815301076,1909f56bfc062723c751e8b465ee728b)  -> (artifact id: '87aecd6621a85f70e2995deb888af326') in 0.013722 seconds 
========================================================================
Received Import Request.
  Time since last request: 3.034393 seconds.
  path: Assets/Meshes/Dice/Resources/Prefabs/d6.prefab
  artifactKey: Guid(3bbbc25881226434b86bd98e9424cd6c) Importer(815301076,1909f56bfc062723c751e8b465ee728b)
Start importing Assets/Meshes/Dice/Resources/Prefabs/d6.prefab using Guid(3bbbc25881226434b86bd98e9424cd6c) Importer(815301076,1909f56bfc062723c751e8b465ee728b)  -> (artifact id: 'b7a82fbfefdc3334f4756d276ad2551d') in 0.013158 seconds 
========================================================================
Received Import Request.
  Time since last request: 1.587207 seconds.
  path: Assets/Meshes/Dice/Resources/Prefabs/d6.prefab
  artifactKey: Guid(3bbbc25881226434b86bd98e9424cd6c) Importer(815301076,1909f56bfc062723c751e8b465ee728b)
Start importing Assets/Meshes/Dice/Resources/Prefabs/d6.prefab using Guid(3bbbc25881226434b86bd98e9424cd6c) Importer(815301076,1909f56bfc062723c751e8b465ee728b)  -> (artifact id: '9a307f02460e013445612d9d99148095') in 0.011608 seconds 
========================================================================
Received Import Request.
  Time since last request: 3.327421 seconds.
  path: Assets/Meshes/Dice/Resources/Prefabs/d6-low.prefab
  artifactKey: Guid(748c84cdefcfa964db3fdba6fb44f8f1) Importer(815301076,1909f56bfc062723c751e8b465ee728b)
Start importing Assets/Meshes/Dice/Resources/Prefabs/d6-low.prefab using Guid(748c84cdefcfa964db3fdba6fb44f8f1) Importer(815301076,1909f56bfc062723c751e8b465ee728b)  -> (artifact id: '8702e559ca1131c98918db05df58926e') in 0.014591 seconds 
========================================================================
Received Import Request.
  Time since last request: 0.919942 seconds.
  path: Assets/Meshes/Dice/Resources/Prefabs/d6-low.prefab
  artifactKey: Guid(748c84cdefcfa964db3fdba6fb44f8f1) Importer(815301076,1909f56bfc062723c751e8b465ee728b)
Start importing Assets/Meshes/Dice/Resources/Prefabs/d6-low.prefab using Guid(748c84cdefcfa964db3fdba6fb44f8f1) Importer(815301076,1909f56bfc062723c751e8b465ee728b)  -> (artifact id: '9d8a5cacd541ead81f170309040272fa') in 0.012930 seconds 
========================================================================
Received Import Request.
  Time since last request: 2.068380 seconds.
  path: Assets/Meshes/Dice/Resources/Prefabs/d6-low.prefab
  artifactKey: Guid(748c84cdefcfa964db3fdba6fb44f8f1) Importer(815301076,1909f56bfc062723c751e8b465ee728b)
Start importing Assets/Meshes/Dice/Resources/Prefabs/d6-low.prefab using Guid(748c84cdefcfa964db3fdba6fb44f8f1) Importer(815301076,1909f56bfc062723c751e8b465ee728b)  -> (artifact id: '15bf2c7ad1d48ebf4bc21f593e775764') in 0.013697 seconds 
========================================================================
Received Import Request.
  Time since last request: 5.804440 seconds.
  path: Assets/Meshes/Dice/Resources/Prefabs/d4.prefab
  artifactKey: Guid(53259a96ea8727548934008114812315) Importer(815301076,1909f56bfc062723c751e8b465ee728b)
Start importing Assets/Meshes/Dice/Resources/Prefabs/d4.prefab using Guid(53259a96ea8727548934008114812315) Importer(815301076,1909f56bfc062723c751e8b465ee728b)  -> (artifact id: '3dbf23d9111c23cc58f4cc3832050e02') in 0.019884 seconds 
========================================================================
Received Import Request.
  Time since last request: 1.709255 seconds.
  path: Assets/Meshes/Dice/Resources/Prefabs/d4.prefab
  artifactKey: Guid(53259a96ea8727548934008114812315) Importer(815301076,1909f56bfc062723c751e8b465ee728b)
Start importing Assets/Meshes/Dice/Resources/Prefabs/d4.prefab using Guid(53259a96ea8727548934008114812315) Importer(815301076,1909f56bfc062723c751e8b465ee728b)  -> (artifact id: '19b710210da2a0e106d72b29b4a29865') in 0.013627 seconds 
========================================================================
Received Import Request.
  Time since last request: 2.079528 seconds.
  path: Assets/Meshes/Dice/Resources/Prefabs/d4.prefab
  artifactKey: Guid(53259a96ea8727548934008114812315) Importer(815301076,1909f56bfc062723c751e8b465ee728b)
Start importing Assets/Meshes/Dice/Resources/Prefabs/d4.prefab using Guid(53259a96ea8727548934008114812315) Importer(815301076,1909f56bfc062723c751e8b465ee728b)  -> (artifact id: '366478b811cca74c584adf005eb33a90') in 0.013567 seconds 
========================================================================
Received Prepare
Registering precompiled user dll's ...
Registered in 0.007285 seconds.
Begin MonoManager ReloadAssembly
Symbol file LoadedFromMemory doesn't match image C:\Users\victo\Heist\Library\PackageCache\com.unity.visualscripting@1.7.8\Editor\VisualScripting.Core\Dependencies\YamlDotNet\Unity.VisualScripting.YamlDotNet.dll
Symbol file LoadedFromMemory doesn't match image C:\Users\victo\Heist\Library\PackageCache\com.unity.visualscripting@1.7.8\Editor\VisualScripting.Core\Dependencies\DotNetZip\Unity.VisualScripting.IonicZip.dll
Native extension for WindowsStandalone target not found
Native extension for Android target not found
Native extension for WebGL target not found
Refreshing native plugins compatible for Editor in 1.55 ms, found 3 plugins.
Preloading 0 native plugins for Editor in 0.00 ms.
Mono: successfully reloaded assembly
- Completed reload, in  1.003 seconds
Domain Reload Profiling:
	ReloadAssembly (1003ms)
		BeginReloadAssembly (114ms)
			ExecutionOrderSort (0ms)
			DisableScriptedObjects (4ms)
			BackupInstance (0ms)
			ReleaseScriptingObjects (0ms)
			CreateAndSetChildDomain (34ms)
		EndReloadAssembly (811ms)
			LoadAssemblies (74ms)
			RebuildTransferFunctionScriptingTraits (0ms)
			SetupTypeCache (218ms)
			ReleaseScriptCaches (1ms)
			RebuildScriptCaches (34ms)
			SetupLoadedEditorAssemblies (442ms)
				LogAssemblyErrors (0ms)
				InitializePlatformSupportModulesInManaged (25ms)
				SetLoadedEditorAssemblies (1ms)
				RefreshPlugins (2ms)
				BeforeProcessingInitializeOnLoad (71ms)
				ProcessInitializeOnLoadAttributes (319ms)
				ProcessInitializeOnLoadMethodAttributes (18ms)
				AfterProcessingInitializeOnLoad (7ms)
				EditorAssembliesLoaded (0ms)
			ExecutionOrderSort2 (0ms)
			AwakeInstancesAfterBackupRestoration (4ms)
Platform modules already initialized, skipping
OnLevelWasLoaded was found on GameManager
This message has been deprecated and will be removed in a later version of Unity.
Add a delegate to SceneManager.sceneLoaded instead to get notifications after scene loading has completed
OnLevelWasLoaded was found on CharacterBehaviour
This message has been deprecated and will be removed in a later version of Unity.
Add a delegate to SceneManager.sceneLoaded instead to get notifications after scene loading has completed
OnLevelWasLoaded was found on EnemyBehaviour
This message has been deprecated and will be removed in a later version of Unity.
Add a delegate to SceneManager.sceneLoaded instead to get notifications after scene loading has completed
OnLevelWasLoaded was found on PlayerBehaviour
This message has been deprecated and will be removed in a later version of Unity.
Add a delegate to SceneManager.sceneLoaded instead to get notifications after scene loading has completed
Refreshing native plugins compatible for Editor in 2.18 ms, found 3 plugins.
Preloading 0 native plugins for Editor in 0.00 ms.
Unloading 3639 Unused Serialized files (Serialized files now loaded: 0)
Unloading 28 unused Assets / (129.0 KB). Loaded Objects now: 4199.
Memory consumption went from 235.2 MB to 235.1 MB.
Total: 2.894700 ms (FindLiveObjects: 0.214600 ms CreateObjectMapping: 0.090800 ms MarkObjects: 2.434500 ms  DeleteObjects: 0.153500 ms)

AssetImportParameters requested are different than current active one (requested -> active):
  custom:video-decoder-ogg-theora: a1e56fd34408186e4bbccfd4996cb3dc -> 
  custom:container-muxer-webm: aa71ff27fc2769a1b78a27578f13a17b -> 
  custom:container-demuxer-webm: 4f35f7cbe854078d1ac9338744f61a02 -> 
  custom:video-encoder-webm-vp8: eb34c28f22e8b96e1ab97ce403110664 -> 
  custom:audio-encoder-webm-vorbis: bf7c407c2cedff20999df2af8eb42d56 -> 
  custom:framework-win-MediaFoundation: 216162199b28c13a410421893ffa2e32 -> 
  custom:container-demuxer-ogg: 62fdf1f143b41e24485cea50d1cbac27 -> 
  custom:video-decoder-webm-vp8: 9c59270c3fd7afecdb556c50c9e8de78 -> 
  custom:audio-decoder-ogg-vorbis: bf7c407c2cedff20999df2af8eb42d56 -> 
========================================================================
Received Prepare
Refreshing native plugins compatible for Editor in 5.03 ms, found 3 plugins.
Preloading 0 native plugins for Editor in 0.00 ms.
Unloading 25 Unused Serialized files (Serialized files now loaded: 0)
Unloading 25 unused Assets / (84.0 KB). Loaded Objects now: 4199.
Memory consumption went from 162.8 MB to 162.8 MB.
Total: 3.298900 ms (FindLiveObjects: 0.241900 ms CreateObjectMapping: 0.174900 ms MarkObjects: 2.750200 ms  DeleteObjects: 0.131200 ms)

AssetImportParameters requested are different than current active one (requested -> active):
  custom:video-decoder-ogg-theora: a1e56fd34408186e4bbccfd4996cb3dc -> 
  custom:container-muxer-webm: aa71ff27fc2769a1b78a27578f13a17b -> 
  custom:container-demuxer-webm: 4f35f7cbe854078d1ac9338744f61a02 -> 
  custom:video-encoder-webm-vp8: eb34c28f22e8b96e1ab97ce403110664 -> 
  custom:audio-encoder-webm-vorbis: bf7c407c2cedff20999df2af8eb42d56 -> 
  custom:framework-win-MediaFoundation: 216162199b28c13a410421893ffa2e32 -> 
  custom:container-demuxer-ogg: 62fdf1f143b41e24485cea50d1cbac27 -> 
  custom:video-decoder-webm-vp8: 9c59270c3fd7afecdb556c50c9e8de78 -> 
  custom:audio-decoder-ogg-vorbis: bf7c407c2cedff20999df2af8eb42d56 -> 
========================================================================
Received Prepare
Registering precompiled user dll's ...
Registered in 0.008069 seconds.
Begin MonoManager ReloadAssembly
Symbol file LoadedFromMemory doesn't match image C:\Users\victo\Heist\Library\PackageCache\com.unity.visualscripting@1.7.8\Editor\VisualScripting.Core\Dependencies\YamlDotNet\Unity.VisualScripting.YamlDotNet.dll
Symbol file LoadedFromMemory doesn't match image C:\Users\victo\Heist\Library\PackageCache\com.unity.visualscripting@1.7.8\Editor\VisualScripting.Core\Dependencies\DotNetZip\Unity.VisualScripting.IonicZip.dll
Native extension for WindowsStandalone target not found
Native extension for Android target not found
Native extension for WebGL target not found
Refreshing native plugins compatible for Editor in 1.74 ms, found 3 plugins.
Preloading 0 native plugins for Editor in 0.00 ms.
Mono: successfully reloaded assembly
- Completed reload, in  1.400 seconds
Domain Reload Profiling:
	ReloadAssembly (1401ms)
		BeginReloadAssembly (156ms)
			ExecutionOrderSort (0ms)
			DisableScriptedObjects (6ms)
			BackupInstance (0ms)
			ReleaseScriptingObjects (0ms)
			CreateAndSetChildDomain (46ms)
		EndReloadAssembly (1128ms)
			LoadAssemblies (101ms)
			RebuildTransferFunctionScriptingTraits (0ms)
			SetupTypeCache (286ms)
			ReleaseScriptCaches (1ms)
			RebuildScriptCaches (66ms)
			SetupLoadedEditorAssemblies (607ms)
				LogAssemblyErrors (0ms)
				InitializePlatformSupportModulesInManaged (33ms)
				SetLoadedEditorAssemblies (1ms)
				RefreshPlugins (2ms)
				BeforeProcessingInitializeOnLoad (103ms)
				ProcessInitializeOnLoadAttributes (436ms)
				ProcessInitializeOnLoadMethodAttributes (25ms)
				AfterProcessingInitializeOnLoad (8ms)
				EditorAssembliesLoaded (0ms)
			ExecutionOrderSort2 (0ms)
			AwakeInstancesAfterBackupRestoration (7ms)
Platform modules already initialized, skipping
OnLevelWasLoaded was found on GameManager
This message has been deprecated and will be removed in a later version of Unity.
Add a delegate to SceneManager.sceneLoaded instead to get notifications after scene loading has completed
OnLevelWasLoaded was found on CharacterBehaviour
This message has been deprecated and will be removed in a later version of Unity.
Add a delegate to SceneManager.sceneLoaded instead to get notifications after scene loading has completed
OnLevelWasLoaded was found on EnemyBehaviour
This message has been deprecated and will be removed in a later version of Unity.
Add a delegate to SceneManager.sceneLoaded instead to get notifications after scene loading has completed
OnLevelWasLoaded was found on PlayerBehaviour
This message has been deprecated and will be removed in a later version of Unity.
Add a delegate to SceneManager.sceneLoaded instead to get notifications after scene loading has completed
Refreshing native plugins compatible for Editor in 3.44 ms, found 3 plugins.
Preloading 0 native plugins for Editor in 0.00 ms.
Unloading 3639 Unused Serialized files (Serialized files now loaded: 0)
Unloading 25 unused Assets / (86.8 KB). Loaded Objects now: 4202.
Memory consumption went from 235.2 MB to 235.1 MB.
Total: 3.819500 ms (FindLiveObjects: 0.239000 ms CreateObjectMapping: 0.166800 ms MarkObjects: 3.247400 ms  DeleteObjects: 0.165200 ms)

AssetImportParameters requested are different than current active one (requested -> active):
  custom:video-decoder-ogg-theora: a1e56fd34408186e4bbccfd4996cb3dc -> 
  custom:container-muxer-webm: aa71ff27fc2769a1b78a27578f13a17b -> 
  custom:container-demuxer-webm: 4f35f7cbe854078d1ac9338744f61a02 -> 
  custom:video-encoder-webm-vp8: eb34c28f22e8b96e1ab97ce403110664 -> 
  custom:audio-encoder-webm-vorbis: bf7c407c2cedff20999df2af8eb42d56 -> 
  custom:framework-win-MediaFoundation: 216162199b28c13a410421893ffa2e32 -> 
  custom:container-demuxer-ogg: 62fdf1f143b41e24485cea50d1cbac27 -> 
  custom:video-decoder-webm-vp8: 9c59270c3fd7afecdb556c50c9e8de78 -> 
  custom:audio-decoder-ogg-vorbis: bf7c407c2cedff20999df2af8eb42d56 -> 
========================================================================
Received Prepare
Registering precompiled user dll's ...
Registered in 0.006421 seconds.
Begin MonoManager ReloadAssembly
Symbol file LoadedFromMemory doesn't match image C:\Users\victo\Heist\Library\PackageCache\com.unity.visualscripting@1.7.8\Editor\VisualScripting.Core\Dependencies\YamlDotNet\Unity.VisualScripting.YamlDotNet.dll
Symbol file LoadedFromMemory doesn't match image C:\Users\victo\Heist\Library\PackageCache\com.unity.visualscripting@1.7.8\Editor\VisualScripting.Core\Dependencies\DotNetZip\Unity.VisualScripting.IonicZip.dll
Native extension for WindowsStandalone target not found
Native extension for Android target not found
Native extension for WebGL target not found
Refreshing native plugins compatible for Editor in 1.28 ms, found 3 plugins.
Preloading 0 native plugins for Editor in 0.00 ms.
Mono: successfully reloaded assembly
- Completed reload, in  1.206 seconds
Domain Reload Profiling:
	ReloadAssembly (1206ms)
		BeginReloadAssembly (127ms)
			ExecutionOrderSort (0ms)
			DisableScriptedObjects (4ms)
			BackupInstance (0ms)
			ReleaseScriptingObjects (0ms)
			CreateAndSetChildDomain (34ms)
		EndReloadAssembly (983ms)
			LoadAssemblies (91ms)
			RebuildTransferFunctionScriptingTraits (0ms)
			SetupTypeCache (294ms)
			ReleaseScriptCaches (2ms)
			RebuildScriptCaches (49ms)
			SetupLoadedEditorAssemblies (492ms)
				LogAssemblyErrors (0ms)
				InitializePlatformSupportModulesInManaged (32ms)
				SetLoadedEditorAssemblies (0ms)
				RefreshPlugins (1ms)
				BeforeProcessingInitializeOnLoad (83ms)
				ProcessInitializeOnLoadAttributes (341ms)
				ProcessInitializeOnLoadMethodAttributes (26ms)
				AfterProcessingInitializeOnLoad (9ms)
				EditorAssembliesLoaded (0ms)
			ExecutionOrderSort2 (0ms)
			AwakeInstancesAfterBackupRestoration (7ms)
Platform modules already initialized, skipping
OnLevelWasLoaded was found on GameManager
This message has been deprecated and will be removed in a later version of Unity.
Add a delegate to SceneManager.sceneLoaded instead to get notifications after scene loading has completed
OnLevelWasLoaded was found on CharacterBehaviour
This message has been deprecated and will be removed in a later version of Unity.
Add a delegate to SceneManager.sceneLoaded instead to get notifications after scene loading has completed
OnLevelWasLoaded was found on EnemyBehaviour
This message has been deprecated and will be removed in a later version of Unity.
Add a delegate to SceneManager.sceneLoaded instead to get notifications after scene loading has completed
OnLevelWasLoaded was found on PlayerBehaviour
This message has been deprecated and will be removed in a later version of Unity.
Add a delegate to SceneManager.sceneLoaded instead to get notifications after scene loading has completed
Refreshing native plugins compatible for Editor in 2.55 ms, found 3 plugins.
Preloading 0 native plugins for Editor in 0.00 ms.
Unloading 3639 Unused Serialized files (Serialized files now loaded: 0)
Unloading 25 unused Assets / (86.7 KB). Loaded Objects now: 4205.
Memory consumption went from 235.2 MB to 235.1 MB.
Total: 2.925200 ms (FindLiveObjects: 0.282400 ms CreateObjectMapping: 0.083500 ms MarkObjects: 2.446300 ms  DeleteObjects: 0.111700 ms)

AssetImportParameters requested are different than current active one (requested -> active):
  custom:video-decoder-ogg-theora: a1e56fd34408186e4bbccfd4996cb3dc -> 
  custom:container-muxer-webm: aa71ff27fc2769a1b78a27578f13a17b -> 
  custom:container-demuxer-webm: 4f35f7cbe854078d1ac9338744f61a02 -> 
  custom:video-encoder-webm-vp8: eb34c28f22e8b96e1ab97ce403110664 -> 
  custom:audio-encoder-webm-vorbis: bf7c407c2cedff20999df2af8eb42d56 -> 
  custom:framework-win-MediaFoundation: 216162199b28c13a410421893ffa2e32 -> 
  custom:container-demuxer-ogg: 62fdf1f143b41e24485cea50d1cbac27 -> 
  custom:video-decoder-webm-vp8: 9c59270c3fd7afecdb556c50c9e8de78 -> 
  custom:audio-decoder-ogg-vorbis: bf7c407c2cedff20999df2af8eb42d56 -> 
========================================================================
Received Prepare
Refreshing native plugins compatible for Editor in 5.24 ms, found 3 plugins.
Preloading 0 native plugins for Editor in 0.00 ms.
Unloading 25 Unused Serialized files (Serialized files now loaded: 0)
Unloading 25 unused Assets / (84.0 KB). Loaded Objects now: 4205.
Memory consumption went from 162.9 MB to 162.8 MB.
Total: 3.272300 ms (FindLiveObjects: 0.226200 ms CreateObjectMapping: 0.180400 ms MarkObjects: 2.736600 ms  DeleteObjects: 0.128400 ms)

AssetImportParameters requested are different than current active one (requested -> active):
  custom:video-decoder-ogg-theora: a1e56fd34408186e4bbccfd4996cb3dc -> 
  custom:container-muxer-webm: aa71ff27fc2769a1b78a27578f13a17b -> 
  custom:container-demuxer-webm: 4f35f7cbe854078d1ac9338744f61a02 -> 
  custom:video-encoder-webm-vp8: eb34c28f22e8b96e1ab97ce403110664 -> 
  custom:audio-encoder-webm-vorbis: bf7c407c2cedff20999df2af8eb42d56 -> 
  custom:framework-win-MediaFoundation: 216162199b28c13a410421893ffa2e32 -> 
  custom:container-demuxer-ogg: 62fdf1f143b41e24485cea50d1cbac27 -> 
  custom:video-decoder-webm-vp8: 9c59270c3fd7afecdb556c50c9e8de78 -> 
  custom:audio-decoder-ogg-vorbis: bf7c407c2cedff20999df2af8eb42d56 -> 
========================================================================
Received Prepare
Registering precompiled user dll's ...
Registered in 0.008034 seconds.
Begin MonoManager ReloadAssembly
Symbol file LoadedFromMemory doesn't match image C:\Users\victo\Heist\Library\PackageCache\com.unity.visualscripting@1.7.8\Editor\VisualScripting.Core\Dependencies\YamlDotNet\Unity.VisualScripting.YamlDotNet.dll
Symbol file LoadedFromMemory doesn't match image C:\Users\victo\Heist\Library\PackageCache\com.unity.visualscripting@1.7.8\Editor\VisualScripting.Core\Dependencies\DotNetZip\Unity.VisualScripting.IonicZip.dll
Native extension for WindowsStandalone target not found
Native extension for Android target not found
Native extension for WebGL target not found
Refreshing native plugins compatible for Editor in 1.42 ms, found 3 plugins.
Preloading 0 native plugins for Editor in 0.00 ms.
Mono: successfully reloaded assembly
- Completed reload, in  1.367 seconds
Domain Reload Profiling:
	ReloadAssembly (1368ms)
		BeginReloadAssembly (134ms)
			ExecutionOrderSort (0ms)
			DisableScriptedObjects (7ms)
			BackupInstance (0ms)
			ReleaseScriptingObjects (0ms)
			CreateAndSetChildDomain (40ms)
		EndReloadAssembly (1132ms)
			LoadAssemblies (84ms)
			RebuildTransferFunctionScriptingTraits (0ms)
			SetupTypeCache (304ms)
			ReleaseScriptCaches (1ms)
			RebuildScriptCaches (51ms)
			SetupLoadedEditorAssemblies (619ms)
				LogAssemblyErrors (0ms)
				InitializePlatformSupportModulesInManaged (30ms)
				SetLoadedEditorAssemblies (1ms)
				RefreshPlugins (1ms)
				BeforeProcessingInitializeOnLoad (94ms)
				ProcessInitializeOnLoadAttributes (449ms)
				ProcessInitializeOnLoadMethodAttributes (33ms)
				AfterProcessingInitializeOnLoad (10ms)
				EditorAssembliesLoaded (0ms)
			ExecutionOrderSort2 (0ms)
			AwakeInstancesAfterBackupRestoration (8ms)
Platform modules already initialized, skipping
OnLevelWasLoaded was found on GameManager
This message has been deprecated and will be removed in a later version of Unity.
Add a delegate to SceneManager.sceneLoaded instead to get notifications after scene loading has completed
OnLevelWasLoaded was found on CharacterBehaviour
This message has been deprecated and will be removed in a later version of Unity.
Add a delegate to SceneManager.sceneLoaded instead to get notifications after scene loading has completed
OnLevelWasLoaded was found on EnemyBehaviour
This message has been deprecated and will be removed in a later version of Unity.
Add a delegate to SceneManager.sceneLoaded instead to get notifications after scene loading has completed
OnLevelWasLoaded was found on PlayerBehaviour
This message has been deprecated and will be removed in a later version of Unity.
Add a delegate to SceneManager.sceneLoaded instead to get notifications after scene loading has completed
Refreshing native plugins compatible for Editor in 4.79 ms, found 3 plugins.
Preloading 0 native plugins for Editor in 0.00 ms.
Unloading 3639 Unused Serialized files (Serialized files now loaded: 0)
Unloading 25 unused Assets / (86.8 KB). Loaded Objects now: 4208.
Memory consumption went from 235.2 MB to 235.1 MB.
Total: 5.113000 ms (FindLiveObjects: 0.419300 ms CreateObjectMapping: 0.269400 ms MarkObjects: 4.256000 ms  DeleteObjects: 0.166200 ms)

AssetImportParameters requested are different than current active one (requested -> active):
  custom:video-decoder-ogg-theora: a1e56fd34408186e4bbccfd4996cb3dc -> 
  custom:container-muxer-webm: aa71ff27fc2769a1b78a27578f13a17b -> 
  custom:container-demuxer-webm: 4f35f7cbe854078d1ac9338744f61a02 -> 
  custom:video-encoder-webm-vp8: eb34c28f22e8b96e1ab97ce403110664 -> 
  custom:audio-encoder-webm-vorbis: bf7c407c2cedff20999df2af8eb42d56 -> 
  custom:framework-win-MediaFoundation: 216162199b28c13a410421893ffa2e32 -> 
  custom:container-demuxer-ogg: 62fdf1f143b41e24485cea50d1cbac27 -> 
  custom:video-decoder-webm-vp8: 9c59270c3fd7afecdb556c50c9e8de78 -> 
  custom:audio-decoder-ogg-vorbis: bf7c407c2cedff20999df2af8eb42d56 -> 
========================================================================
Received Import Request.
  Time since last request: 863.856146 seconds.
  path: Assets/Meshes/Dice/Resources/Prefabs/d20.prefab
  artifactKey: Guid(83ec351ddaccdea4cb2b1b7b56421cd0) Importer(815301076,1909f56bfc062723c751e8b465ee728b)
Start importing Assets/Meshes/Dice/Resources/Prefabs/d20.prefab using Guid(83ec351ddaccdea4cb2b1b7b56421cd0) Importer(815301076,1909f56bfc062723c751e8b465ee728b)  -> (artifact id: '674aa2d29999b30e2ced0cc133eb3161') in 0.171262 seconds 
========================================================================
Received Import Request.
  Time since last request: 24.921111 seconds.
  path: Assets/Meshes/Dice/Resources/Prefabs/d20.prefab
  artifactKey: Guid(83ec351ddaccdea4cb2b1b7b56421cd0) Importer(815301076,1909f56bfc062723c751e8b465ee728b)
Start importing Assets/Meshes/Dice/Resources/Prefabs/d20.prefab using Guid(83ec351ddaccdea4cb2b1b7b56421cd0) Importer(815301076,1909f56bfc062723c751e8b465ee728b)  -> (artifact id: '970cfcff271ed3c4745f700b0af0af48') in 0.018694 seconds 
========================================================================
Received Import Request.
  Time since last request: 7.421179 seconds.
  path: Assets/Meshes/Dice/Resources/Prefabs/d20.prefab
  artifactKey: Guid(83ec351ddaccdea4cb2b1b7b56421cd0) Importer(815301076,1909f56bfc062723c751e8b465ee728b)
Start importing Assets/Meshes/Dice/Resources/Prefabs/d20.prefab using Guid(83ec351ddaccdea4cb2b1b7b56421cd0) Importer(815301076,1909f56bfc062723c751e8b465ee728b)  -> (artifact id: '6eef83c6afd060b4e1eebf6187a8672a') in 0.036249 seconds 
========================================================================
Received Import Request.
  Time since last request: 7.064343 seconds.
  path: Assets/Meshes/Dice/Resources/Prefabs/d20.prefab
  artifactKey: Guid(83ec351ddaccdea4cb2b1b7b56421cd0) Importer(815301076,1909f56bfc062723c751e8b465ee728b)
Start importing Assets/Meshes/Dice/Resources/Prefabs/d20.prefab using Guid(83ec351ddaccdea4cb2b1b7b56421cd0) Importer(815301076,1909f56bfc062723c751e8b465ee728b)  -> (artifact id: '496bd02d24298913bdfd483e8923c31c') in 0.017659 seconds 
========================================================================
Received Import Request.
  Time since last request: 1.182259 seconds.
  path: Assets/Meshes/Dice/Resources/Prefabs/d20.prefab
  artifactKey: Guid(83ec351ddaccdea4cb2b1b7b56421cd0) Importer(815301076,1909f56bfc062723c751e8b465ee728b)
Start importing Assets/Meshes/Dice/Resources/Prefabs/d20.prefab using Guid(83ec351ddaccdea4cb2b1b7b56421cd0) Importer(815301076,1909f56bfc062723c751e8b465ee728b)  -> (artifact id: '395cddc3d6a7b7cf2f407f100ab91a16') in 0.030682 seconds 
========================================================================
Received Import Request.
  Time since last request: 1.585152 seconds.
  path: Assets/Meshes/Dice/Resources/Prefabs/d20.prefab
  artifactKey: Guid(83ec351ddaccdea4cb2b1b7b56421cd0) Importer(815301076,1909f56bfc062723c751e8b465ee728b)
Start importing Assets/Meshes/Dice/Resources/Prefabs/d20.prefab using Guid(83ec351ddaccdea4cb2b1b7b56421cd0) Importer(815301076,1909f56bfc062723c751e8b465ee728b)  -> (artifact id: '9e78aac77daec61d3a948d15f7a09885') in 0.020078 seconds 
========================================================================
Received Import Request.
  Time since last request: 13.893478 seconds.
  path: Assets/Meshes/Dice/Resources/Prefabs/d4.prefab
  artifactKey: Guid(53259a96ea8727548934008114812315) Importer(815301076,1909f56bfc062723c751e8b465ee728b)
Start importing Assets/Meshes/Dice/Resources/Prefabs/d4.prefab using Guid(53259a96ea8727548934008114812315) Importer(815301076,1909f56bfc062723c751e8b465ee728b)  -> (artifact id: '1a4324039316179ef7462e38de292ace') in 0.075893 seconds 
========================================================================
Received Import Request.
  Time since last request: 0.000016 seconds.
  path: Assets/Meshes/Dice/Resources/Prefabs/d10.prefab
  artifactKey: Guid(a7d97a6373e22f94c8e2d68ea3b8195e) Importer(815301076,1909f56bfc062723c751e8b465ee728b)
Start importing Assets/Meshes/Dice/Resources/Prefabs/d10.prefab using Guid(a7d97a6373e22f94c8e2d68ea3b8195e) Importer(815301076,1909f56bfc062723c751e8b465ee728b)  -> (artifact id: 'b71172e3695598dfb6dd05a01aeb119e') in 0.027157 seconds 
========================================================================
Received Import Request.
  Time since last request: 0.000015 seconds.
  path: Assets/Meshes/Dice/Resources/Prefabs/d6.prefab
  artifactKey: Guid(3bbbc25881226434b86bd98e9424cd6c) Importer(815301076,1909f56bfc062723c751e8b465ee728b)
Start importing Assets/Meshes/Dice/Resources/Prefabs/d6.prefab using Guid(3bbbc25881226434b86bd98e9424cd6c) Importer(815301076,1909f56bfc062723c751e8b465ee728b)  -> (artifact id: 'c1a14ff549f25b2450ca6dbf5a44e525') in 0.033336 seconds 
========================================================================
Received Import Request.
  Time since last request: 0.000019 seconds.
  path: Assets/Meshes/Dice/Resources/Prefabs/d8.prefab
  artifactKey: Guid(aa5a1b00ae094b4418b4f1cb4cc2a1ea) Importer(815301076,1909f56bfc062723c751e8b465ee728b)
Start importing Assets/Meshes/Dice/Resources/Prefabs/d8.prefab using Guid(aa5a1b00ae094b4418b4f1cb4cc2a1ea) Importer(815301076,1909f56bfc062723c751e8b465ee728b)  -> (artifact id: 'c806d848960e8d1b114c8c80ddf8efbd') in 0.048319 seconds 
========================================================================
Received Import Request.
  Time since last request: 0.000030 seconds.
  path: Assets/Meshes/Dice/Resources/Prefabs/d10-low.prefab
  artifactKey: Guid(0415b34c63e4b94419eb6d08ec02debc) Importer(815301076,1909f56bfc062723c751e8b465ee728b)
Start importing Assets/Meshes/Dice/Resources/Prefabs/d10-low.prefab using Guid(0415b34c63e4b94419eb6d08ec02debc) Importer(815301076,1909f56bfc062723c751e8b465ee728b)  -> (artifact id: '8c1f1e56b5846a158c5108c274e266e2') in 0.030273 seconds 
========================================================================
Received Import Request.
  Time since last request: 3.226052 seconds.
  path: Assets/Meshes/Dice/Resources/Prefabs/d4.prefab
  artifactKey: Guid(53259a96ea8727548934008114812315) Importer(815301076,1909f56bfc062723c751e8b465ee728b)
Start importing Assets/Meshes/Dice/Resources/Prefabs/d4.prefab using Guid(53259a96ea8727548934008114812315) Importer(815301076,1909f56bfc062723c751e8b465ee728b)  -> (artifact id: '1e1f8659251eb9a714259100b8a7e494') in 0.016374 seconds 
========================================================================
Received Import Request.
  Time since last request: 0.000016 seconds.
  path: Assets/Meshes/Dice/Resources/Prefabs/d10.prefab
  artifactKey: Guid(a7d97a6373e22f94c8e2d68ea3b8195e) Importer(815301076,1909f56bfc062723c751e8b465ee728b)
Start importing Assets/Meshes/Dice/Resources/Prefabs/d10.prefab using Guid(a7d97a6373e22f94c8e2d68ea3b8195e) Importer(815301076,1909f56bfc062723c751e8b465ee728b)  -> (artifact id: 'dab7c51c829f2b0e7b3c00184709dc77') in 0.009355 seconds 
========================================================================
Received Import Request.
  Time since last request: 0.000020 seconds.
  path: Assets/Meshes/Dice/Resources/Prefabs/d12.prefab
  artifactKey: Guid(631889f6d001be141b2e04f5f4090ae0) Importer(815301076,1909f56bfc062723c751e8b465ee728b)
Start importing Assets/Meshes/Dice/Resources/Prefabs/d12.prefab using Guid(631889f6d001be141b2e04f5f4090ae0) Importer(815301076,1909f56bfc062723c751e8b465ee728b)  -> (artifact id: '85b8b391f8bf799033293222c5d7e8fd') in 0.017963 seconds 
========================================================================
Received Import Request.
  Time since last request: 0.000033 seconds.
  path: Assets/Meshes/Dice/Resources/Prefabs/d10-low.prefab
  artifactKey: Guid(0415b34c63e4b94419eb6d08ec02debc) Importer(815301076,1909f56bfc062723c751e8b465ee728b)
Start importing Assets/Meshes/Dice/Resources/Prefabs/d10-low.prefab using Guid(0415b34c63e4b94419eb6d08ec02debc) Importer(815301076,1909f56bfc062723c751e8b465ee728b)  -> (artifact id: '7a138c547aea1531ebbd3bc448a47302') in 0.009147 seconds 
========================================================================
Received Import Request.
  Time since last request: 3.007688 seconds.
  path: Assets/Meshes/Dice/Resources/Prefabs/d4.prefab
  artifactKey: Guid(53259a96ea8727548934008114812315) Importer(815301076,1909f56bfc062723c751e8b465ee728b)
Start importing Assets/Meshes/Dice/Resources/Prefabs/d4.prefab using Guid(53259a96ea8727548934008114812315) Importer(815301076,1909f56bfc062723c751e8b465ee728b)  -> (artifact id: 'db374300020b7c87db3ca1255ef24b75') in 0.017686 seconds 
========================================================================
Received Import Request.
  Time since last request: 0.004235 seconds.
  path: Assets/Meshes/Dice/Resources/Prefabs/d6-low.prefab
  artifactKey: Guid(748c84cdefcfa964db3fdba6fb44f8f1) Importer(815301076,1909f56bfc062723c751e8b465ee728b)
Start importing Assets/Meshes/Dice/Resources/Prefabs/d6-low.prefab using Guid(748c84cdefcfa964db3fdba6fb44f8f1) Importer(815301076,1909f56bfc062723c751e8b465ee728b)  -> (artifact id: '299abc7602282562a2c1ecdfe4b52a6d') in 0.018142 seconds 
========================================================================
Received Import Request.
  Time since last request: 0.000019 seconds.
  path: Assets/Meshes/Dice/Resources/Prefabs/d10.prefab
  artifactKey: Guid(a7d97a6373e22f94c8e2d68ea3b8195e) Importer(815301076,1909f56bfc062723c751e8b465ee728b)
Start importing Assets/Meshes/Dice/Resources/Prefabs/d10.prefab using Guid(a7d97a6373e22f94c8e2d68ea3b8195e) Importer(815301076,1909f56bfc062723c751e8b465ee728b)  -> (artifact id: '9aa986fbd12bc24fa8291b7deca89d49') in 0.014042 seconds 
========================================================================
Received Import Request.
  Time since last request: 0.000024 seconds.
  path: Assets/Meshes/Dice/Resources/Prefabs/d10-low.prefab
  artifactKey: Guid(0415b34c63e4b94419eb6d08ec02debc) Importer(815301076,1909f56bfc062723c751e8b465ee728b)
Start importing Assets/Meshes/Dice/Resources/Prefabs/d10-low.prefab using Guid(0415b34c63e4b94419eb6d08ec02debc) Importer(815301076,1909f56bfc062723c751e8b465ee728b)  -> (artifact id: '4115244c8db5d2d670009b1b1a34d905') in 0.008120 seconds 
========================================================================
Received Prepare
Refreshing native plugins compatible for Editor in 5.68 ms, found 3 plugins.
Preloading 0 native plugins for Editor in 0.00 ms.
Unloading 25 Unused Serialized files (Serialized files now loaded: 0)
Unloading 25 unused Assets / (84.1 KB). Loaded Objects now: 4209.
Memory consumption went from 163.0 MB to 163.0 MB.
Total: 4.675200 ms (FindLiveObjects: 0.336600 ms CreateObjectMapping: 0.177000 ms MarkObjects: 4.035000 ms  DeleteObjects: 0.125800 ms)

AssetImportParameters requested are different than current active one (requested -> active):
  custom:video-decoder-ogg-theora: a1e56fd34408186e4bbccfd4996cb3dc -> 
  custom:container-muxer-webm: aa71ff27fc2769a1b78a27578f13a17b -> 
  custom:container-demuxer-webm: 4f35f7cbe854078d1ac9338744f61a02 -> 
  custom:video-encoder-webm-vp8: eb34c28f22e8b96e1ab97ce403110664 -> 
  custom:audio-encoder-webm-vorbis: bf7c407c2cedff20999df2af8eb42d56 -> 
  custom:framework-win-MediaFoundation: 216162199b28c13a410421893ffa2e32 -> 
  custom:container-demuxer-ogg: 62fdf1f143b41e24485cea50d1cbac27 -> 
  custom:video-decoder-webm-vp8: 9c59270c3fd7afecdb556c50c9e8de78 -> 
  custom:audio-decoder-ogg-vorbis: bf7c407c2cedff20999df2af8eb42d56 -> 
========================================================================
Received Prepare
Registering precompiled user dll's ...
Registered in 0.008431 seconds.
Begin MonoManager ReloadAssembly
Symbol file LoadedFromMemory doesn't match image C:\Users\victo\Heist\Library\PackageCache\com.unity.visualscripting@1.7.8\Editor\VisualScripting.Core\Dependencies\YamlDotNet\Unity.VisualScripting.YamlDotNet.dll
Symbol file LoadedFromMemory doesn't match image C:\Users\victo\Heist\Library\PackageCache\com.unity.visualscripting@1.7.8\Editor\VisualScripting.Core\Dependencies\DotNetZip\Unity.VisualScripting.IonicZip.dll
Native extension for WindowsStandalone target not found
Native extension for Android target not found
Native extension for WebGL target not found
Refreshing native plugins compatible for Editor in 4.14 ms, found 3 plugins.
Preloading 0 native plugins for Editor in 0.00 ms.
Mono: successfully reloaded assembly
- Completed reload, in  1.600 seconds
Domain Reload Profiling:
	ReloadAssembly (1600ms)
		BeginReloadAssembly (146ms)
			ExecutionOrderSort (0ms)
			DisableScriptedObjects (6ms)
			BackupInstance (0ms)
			ReleaseScriptingObjects (0ms)
			CreateAndSetChildDomain (45ms)
		EndReloadAssembly (1354ms)
			LoadAssemblies (98ms)
			RebuildTransferFunctionScriptingTraits (0ms)
			SetupTypeCache (325ms)
			ReleaseScriptCaches (3ms)
			RebuildScriptCaches (63ms)
			SetupLoadedEditorAssemblies (787ms)
				LogAssemblyErrors (0ms)
				InitializePlatformSupportModulesInManaged (44ms)
				SetLoadedEditorAssemblies (1ms)
				RefreshPlugins (4ms)
				BeforeProcessingInitializeOnLoad (112ms)
				ProcessInitializeOnLoadAttributes (579ms)
				ProcessInitializeOnLoadMethodAttributes (37ms)
				AfterProcessingInitializeOnLoad (10ms)
				EditorAssembliesLoaded (0ms)
			ExecutionOrderSort2 (0ms)
			AwakeInstancesAfterBackupRestoration (8ms)
Platform modules already initialized, skipping
OnLevelWasLoaded was found on GameManager
This message has been deprecated and will be removed in a later version of Unity.
Add a delegate to SceneManager.sceneLoaded instead to get notifications after scene loading has completed
OnLevelWasLoaded was found on CharacterBehaviour
This message has been deprecated and will be removed in a later version of Unity.
Add a delegate to SceneManager.sceneLoaded instead to get notifications after scene loading has completed
OnLevelWasLoaded was found on EnemyBehaviour
This message has been deprecated and will be removed in a later version of Unity.
Add a delegate to SceneManager.sceneLoaded instead to get notifications after scene loading has completed
OnLevelWasLoaded was found on PlayerBehaviour
This message has been deprecated and will be removed in a later version of Unity.
Add a delegate to SceneManager.sceneLoaded instead to get notifications after scene loading has completed
Refreshing native plugins compatible for Editor in 5.21 ms, found 3 plugins.
Preloading 0 native plugins for Editor in 0.00 ms.
Unloading 3639 Unused Serialized files (Serialized files now loaded: 0)
Unloading 25 unused Assets / (86.8 KB). Loaded Objects now: 4211.
Memory consumption went from 235.2 MB to 235.1 MB.
Total: 7.858000 ms (FindLiveObjects: 0.363800 ms CreateObjectMapping: 0.214400 ms MarkObjects: 6.939400 ms  DeleteObjects: 0.338400 ms)

AssetImportParameters requested are different than current active one (requested -> active):
  custom:video-decoder-ogg-theora: a1e56fd34408186e4bbccfd4996cb3dc -> 
  custom:container-muxer-webm: aa71ff27fc2769a1b78a27578f13a17b -> 
  custom:container-demuxer-webm: 4f35f7cbe854078d1ac9338744f61a02 -> 
  custom:video-encoder-webm-vp8: eb34c28f22e8b96e1ab97ce403110664 -> 
  custom:audio-encoder-webm-vorbis: bf7c407c2cedff20999df2af8eb42d56 -> 
  custom:framework-win-MediaFoundation: 216162199b28c13a410421893ffa2e32 -> 
  custom:container-demuxer-ogg: 62fdf1f143b41e24485cea50d1cbac27 -> 
  custom:video-decoder-webm-vp8: 9c59270c3fd7afecdb556c50c9e8de78 -> 
  custom:audio-decoder-ogg-vorbis: bf7c407c2cedff20999df2af8eb42d56 -> 
========================================================================
Received Import Request.
  Time since last request: 523.714806 seconds.
  path: Assets/Meshes/Dice/Resources/Prefabs/d20.prefab
  artifactKey: Guid(83ec351ddaccdea4cb2b1b7b56421cd0) Importer(815301076,1909f56bfc062723c751e8b465ee728b)
Start importing Assets/Meshes/Dice/Resources/Prefabs/d20.prefab using Guid(83ec351ddaccdea4cb2b1b7b56421cd0) Importer(815301076,1909f56bfc062723c751e8b465ee728b)  -> (artifact id: '1e3fb23ebe91a2f992cd0d6571e59639') in 0.078539 seconds 
